Restler Information: 0 : Starting task FuzzLean...
    DateTime=2026-06-10T00:53:07.3804153Z
Restler Information: 0 : Launching 'python3 --version'
    DateTime=2026-06-10T00:53:08.4059906Z
Restler Information: 0 : Launching 'python --version'
    DateTime=2026-06-10T00:53:08.4061397Z
Restler Information: 0 : Process execution terminated in 00:00:00.0219985 with exit code 0x0: 'python3 --version'
    DateTime=2026-06-10T00:53:08.4402467Z
Restler Information: 0 : Process execution terminated in 00:00:00.0183613 with exit code 0x0: 'python --version'
    DateTime=2026-06-10T00:53:08.4403287Z
Restler Information: 0 : (31883) python3 --version exited with code: 0
    DateTime=2026-06-10T00:53:08.4470255Z
Restler Information: 0 : (31884) python --version exited with code: 0
    DateTime=2026-06-10T00:53:08.4470811Z
Restler Information: 0 : Launching 'python3 -B "/home/vic/offensive-api-fuzzing-evaluation/tools/restler/restler_bin/restler/../engine/restler.py" --restler_grammar "/home/vic/offensive-api-fuzzing-evaluation/Compile/grammar_auth_no_qr.py" --custom_mutations "/home/vic/offensive-api-fuzzing-evaluation/Compile/dict_crapi_custom.json" --set_version 9.3.1    --no_ssl --host localhost  --settings "/home/vic/offensive-api-fuzzing-evaluation/Compile/engine_settings.json" --enable_checkers * --disable_checkers namespacerule   --target_port 8888 --include_user_agent --no_tokens_in_logs t --garbage_collection_interval 30 --fuzzing_mode directed-smoke-test'
    DateTime=2026-06-10T00:53:08.4623193Z
Restler Information: 0 : Process execution terminated in 00:04:06.2976848 with exit code 0x0: 'python3 -B "/home/vic/offensive-api-fuzzing-evaluation/tools/restler/restler_bin/restler/../engine/restler.py" --restler_grammar "/home/vic/offensive-api-fuzzing-evaluation/Compile/grammar_auth_no_qr.py" --custom_mutations "/home/vic/offensive-api-fuzzing-evaluation/Compile/dict_crapi_custom.json" --set_version 9.3.1    --no_ssl --host localhost  --settings "/home/vic/offensive-api-fuzzing-evaluation/Compile/engine_settings.json" --enable_checkers * --disable_checkers namespacerule   --target_port 8888 --include_user_agent --no_tokens_in_logs t --garbage_collection_interval 30 --fuzzing_mode directed-smoke-test'
    DateTime=2026-06-10T00:57:14.7691704Z
Restler Information: 0 : (31888) python3 -B "/home/vic/offensive-api-fuzzing-evaluation/tools/restler/restler_bin/restler/../engine/restler.py" --restler_grammar "/home/vic/offensive-api-fuzzing-evaluation/Compile/grammar_auth_no_qr.py" --custom_mutations "/home/vic/offensive-api-fuzzing-evaluation/Compile/dict_crapi_custom.json" --set_version 9.3.1    --no_ssl --host localhost  --settings "/home/vic/offensive-api-fuzzing-evaluation/Compile/engine_settings.json" --enable_checkers * --disable_checkers namespacerule   --target_port 8888 --include_user_agent --no_tokens_in_logs t --garbage_collection_interval 30 --fuzzing_mode directed-smoke-test exited with code: 0
    DateTime=2026-06-10T00:57:14.7704114Z
Restler Information: 0 : Launching 'dotnet "/home/vic/offensive-api-fuzzing-evaluation/tools/restler/restler_bin/restler/../resultsAnalyzer/Restler.ResultsAnalyzer.dll" analyze "/home/vic/offensive-api-fuzzing-evaluation/FuzzLean" --output_dir "/home/vic/offensive-api-fuzzing-evaluation/FuzzLean/ResponseBuckets" --dictionary_file "/home/vic/offensive-api-fuzzing-evaluation/Compile/dict_crapi_custom.json" --max_instances_per_bucket 10'
    DateTime=2026-06-10T00:57:14.8043385Z
Restler Information: 0 : Process execution terminated in 00:00:02.3521570 with exit code 0x86: 'dotnet "/home/vic/offensive-api-fuzzing-evaluation/tools/restler/restler_bin/restler/../resultsAnalyzer/Restler.ResultsAnalyzer.dll" analyze "/home/vic/offensive-api-fuzzing-evaluation/FuzzLean" --output_dir "/home/vic/offensive-api-fuzzing-evaluation/FuzzLean/ResponseBuckets" --dictionary_file "/home/vic/offensive-api-fuzzing-evaluation/Compile/dict_crapi_custom.json" --max_instances_per_bucket 10'
    DateTime=2026-06-10T00:57:17.1567480Z
Restler Information: 0 : (38039) dotnet "/home/vic/offensive-api-fuzzing-evaluation/tools/restler/restler_bin/restler/../resultsAnalyzer/Restler.ResultsAnalyzer.dll" analyze "/home/vic/offensive-api-fuzzing-evaluation/FuzzLean" --output_dir "/home/vic/offensive-api-fuzzing-evaluation/FuzzLean/ResponseBuckets" --dictionary_file "/home/vic/offensive-api-fuzzing-evaluation/Compile/dict_crapi_custom.json" --max_instances_per_bucket 10 exited with code: 134
    DateTime=2026-06-10T00:57:17.1568555Z
Restler Error: 0 : Results analyzer for logs in /home/vic/offensive-api-fuzzing-evaluation/FuzzLean failed.
    DateTime=2026-06-10T00:57:17.1611855Z
Restler Information: 0 : Request coverage (successful / total): 20 / 43
    DateTime=2026-06-10T00:57:17.3301883Z
Restler Information: 0 : Attempted requests: 36 / 43
    DateTime=2026-06-10T00:57:17.3307537Z
Restler Information: 0 : Bugs were found!
    DateTime=2026-06-10T00:57:17.3420311Z
Restler Information: 0 : Bug buckets:
    DateTime=2026-06-10T00:57:17.3420553Z
Restler Information: 0 : 
InvalidDynamicObjectChecker_500: 1
InvalidValueChecker_500: 11
InvalidValueChecker_503: 1
main_driver_500: 9
    DateTime=2026-06-10T00:57:17.3433210Z
Restler Information: 0 : See 'coverage_failures_to_investigate.txt' to investigate API coverage.
    DateTime=2026-06-10T00:57:17.4497944Z
Restler Information: 0 : Task FuzzLean succeeded.
    DateTime=2026-06-10T00:57:17.4553375Z
Restler Information: 0 : Collecting logs...
    DateTime=2026-06-10T00:57:18.1886403Z
